{"/home/lucas/Documentos/Trybe_Projetos/Projeto_16-React_Testing_Library/sd-019-c-project-react-testing-library/src/App.js": {"path":"/home/lucas/Documentos/Trybe_Projetos/Projeto_16-React_Testing_Library/sd-019-c-project-react-testing-library/src/App.js","statementMap":{"0":{"start":{"line":23,"column":31},"end":{"line":23,"column":55}},"1":{"start":{"line":24,"column":30},"end":{"line":27,"column":10}},"2":{"start":{"line":25,"column":6},"end":{"line":25,"column":64}},"3":{"start":{"line":26,"column":6},"end":{"line":26,"column":17}},"4":{"start":{"line":29,"column":4},"end":{"line":29,"column":29}},"5":{"start":{"line":33,"column":4},"end":{"line":33,"column":17}},"6":{"start":{"line":34,"column":4},"end":{"line":34,"column":75}},"7":{"start":{"line":38,"column":4},"end":{"line":38,"column":50}},"8":{"start":{"line":40,"column":4},"end":{"line":40,"column":79}},"9":{"start":{"line":44,"column":38},"end":{"line":44,"column":48}},"10":{"start":{"line":46,"column":4},"end":{"line":51,"column":6}},"11":{"start":{"line":55,"column":38},"end":{"line":55,"column":48}},"12":{"start":{"line":57,"column":4},"end":{"line":66,"column":6}},"13":{"start":{"line":63,"column":10},"end":{"line":63,"column":62}},"14":{"start":{"line":70,"column":38},"end":{"line":70,"column":48}},"15":{"start":{"line":71,"column":29},"end":{"line":71,"column":83}},"16":{"start":{"line":71,"column":57},"end":{"line":71,"column":82}},"17":{"start":{"line":73,"column":4},"end":{"line":91,"column":6}},"18":{"start":{"line":78,"column":34},"end":{"line":78,"column":59}},"19":{"start":{"line":82,"column":34},"end":{"line":82,"column":66}},"20":{"start":{"line":86,"column":25},"end":{"line":86,"column":75}},"21":{"start":{"line":95,"column":4},"end":{"line":105,"column":6}}},"fnMap":{"0":{"name":"(anonymous_0)","decl":{"start":{"line":22,"column":2},"end":{"line":22,"column":3}},"loc":{"start":{"line":22,"column":36},"end":{"line":30,"column":3}},"line":22},"1":{"name":"(anonymous_1)","decl":{"start":{"line":24,"column":46},"end":{"line":24,"column":47}},"loc":{"start":{"line":24,"column":64},"end":{"line":27,"column":5}},"line":24},"2":{"name":"(anonymous_2)","decl":{"start":{"line":32,"column":2},"end":{"line":32,"column":3}},"loc":{"start":{"line":32,"column":21},"end":{"line":35,"column":3}},"line":32},"3":{"name":"(anonymous_3)","decl":{"start":{"line":37,"column":2},"end":{"line":37,"column":3}},"loc":{"start":{"line":37,"column":50},"end":{"line":41,"column":3}},"line":37},"4":{"name":"(anonymous_4)","decl":{"start":{"line":43,"column":2},"end":{"line":43,"column":3}},"loc":{"start":{"line":43,"column":18},"end":{"line":52,"column":3}},"line":43},"5":{"name":"(anonymous_5)","decl":{"start":{"line":54,"column":2},"end":{"line":54,"column":3}},"loc":{"start":{"line":54,"column":30},"end":{"line":67,"column":3}},"line":54},"6":{"name":"(anonymous_6)","decl":{"start":{"line":62,"column":35},"end":{"line":62,"column":36}},"loc":{"start":{"line":63,"column":10},"end":{"line":63,"column":62}},"line":63},"7":{"name":"(anonymous_7)","decl":{"start":{"line":69,"column":2},"end":{"line":69,"column":3}},"loc":{"start":{"line":69,"column":17},"end":{"line":92,"column":3}},"line":69},"8":{"name":"(anonymous_8)","decl":{"start":{"line":71,"column":45},"end":{"line":71,"column":46}},"loc":{"start":{"line":71,"column":57},"end":{"line":71,"column":82}},"line":71},"9":{"name":"(anonymous_9)","decl":{"start":{"line":78,"column":19},"end":{"line":78,"column":20}},"loc":{"start":{"line":78,"column":34},"end":{"line":78,"column":59}},"line":78},"10":{"name":"(anonymous_10)","decl":{"start":{"line":82,"column":19},"end":{"line":82,"column":20}},"loc":{"start":{"line":82,"column":34},"end":{"line":82,"column":66}},"line":82},"11":{"name":"(anonymous_11)","decl":{"start":{"line":86,"column":19},"end":{"line":86,"column":20}},"loc":{"start":{"line":86,"column":25},"end":{"line":86,"column":75}},"line":86},"12":{"name":"(anonymous_12)","decl":{"start":{"line":94,"column":2},"end":{"line":94,"column":3}},"loc":{"start":{"line":94,"column":11},"end":{"line":106,"column":3}},"line":94}},"branchMap":{},"s":{"0":11,"1":11,"2":99,"3":99,"4":11,"5":7,"6":7,"7":4,"8":4,"9":9,"10":9,"11":8,"12":8,"13":4,"14":11,"15":11,"16":99,"17":11,"18":9,"19":8,"20":2,"21":11},"f":{"0":11,"1":99,"2":7,"3":4,"4":9,"5":8,"6":4,"7":11,"8":99,"9":9,"10":8,"11":2,"12":11},"b":{},"_coverageSchema":"1a1c01bbd47fc00a2c39e90264f33305004495a9","hash":"1068e4748ed7d3145d175a240edf841accecf8cc"}
,"/home/lucas/Documentos/Trybe_Projetos/Projeto_16-React_Testing_Library/sd-019-c-project-react-testing-library/src/data.js": {"path":"/home/lucas/Documentos/Trybe_Projetos/Projeto_16-React_Testing_Library/sd-019-c-project-react-testing-library/src/data.js","statementMap":{"0":{"start":{"line":1,"column":17},"end":{"line":200,"column":1}}},"fnMap":{},"branchMap":{},"s":{"0":5},"f":{},"b":{},"_coverageSchema":"1a1c01bbd47fc00a2c39e90264f33305004495a9","hash":"ab0be06e097f802375b94e0ff0d2ed8ffe17d826"}
,"/home/lucas/Documentos/Trybe_Projetos/Projeto_16-React_Testing_Library/sd-019-c-project-react-testing-library/src/renderWithRouter.js": {"path":"/home/lucas/Documentos/Trybe_Projetos/Projeto_16-React_Testing_Library/sd-019-c-project-react-testing-library/src/renderWithRouter.js","statementMap":{"0":{"start":{"line":6,"column":25},"end":{"line":12,"column":1}},"1":{"start":{"line":7,"column":18},"end":{"line":7,"column":39}},"2":{"start":{"line":8,"column":2},"end":{"line":11,"column":5}}},"fnMap":{"0":{"name":"(anonymous_0)","decl":{"start":{"line":6,"column":25},"end":{"line":6,"column":26}},"loc":{"start":{"line":6,"column":40},"end":{"line":12,"column":1}},"line":6}},"branchMap":{},"s":{"0":7,"1":24,"2":24},"f":{"0":24},"b":{},"_coverageSchema":"1a1c01bbd47fc00a2c39e90264f33305004495a9","hash":"d07e694dee7d82398c8ed0617a37cdc269f9518c"}
,"/home/lucas/Documentos/Trybe_Projetos/Projeto_16-React_Testing_Library/sd-019-c-project-react-testing-library/src/components/About.js": {"path":"/home/lucas/Documentos/Trybe_Projetos/Projeto_16-React_Testing_Library/sd-019-c-project-react-testing-library/src/components/About.js","statementMap":{"0":{"start":{"line":4,"column":14},"end":{"line":20,"column":1}},"1":{"start":{"line":5,"column":2},"end":{"line":19,"column":12}}},"fnMap":{"0":{"name":"(anonymous_0)","decl":{"start":{"line":4,"column":14},"end":{"line":4,"column":15}},"loc":{"start":{"line":5,"column":2},"end":{"line":19,"column":12}},"line":5}},"branchMap":{},"s":{"0":7,"1":5},"f":{"0":5},"b":{},"_coverageSchema":"1a1c01bbd47fc00a2c39e90264f33305004495a9","hash":"6a7776babb7f8f7bc41d1ee0cb623e4ef965a02c"}
,"/home/lucas/Documentos/Trybe_Projetos/Projeto_16-React_Testing_Library/sd-019-c-project-react-testing-library/src/components/Button.js": {"path":"/home/lucas/Documentos/Trybe_Projetos/Projeto_16-React_Testing_Library/sd-019-c-project-react-testing-library/src/components/Button.js","statementMap":{"0":{"start":{"line":6,"column":15},"end":{"line":22,"column":1}},"1":{"start":{"line":13,"column":2},"end":{"line":21,"column":11}},"2":{"start":{"line":24,"column":0},"end":{"line":30,"column":2}},"3":{"start":{"line":32,"column":0},"end":{"line":37,"column":2}}},"fnMap":{"0":{"name":"(anonymous_0)","decl":{"start":{"line":6,"column":15},"end":{"line":6,"column":16}},"loc":{"start":{"line":13,"column":2},"end":{"line":21,"column":11}},"line":13}},"branchMap":{},"s":{"0":7,"1":504,"2":7,"3":7},"f":{"0":504},"b":{},"_coverageSchema":"1a1c01bbd47fc00a2c39e90264f33305004495a9","hash":"800d63b630dbb7b8390567405348f3b9dfe68edd"}
,"/home/lucas/Documentos/Trybe_Projetos/Projeto_16-React_Testing_Library/sd-019-c-project-react-testing-library/src/components/FavoritePokemons.js": {"path":"/home/lucas/Documentos/Trybe_Projetos/Projeto_16-React_Testing_Library/sd-019-c-project-react-testing-library/src/components/FavoritePokemons.js","statementMap":{"0":{"start":{"line":9,"column":13},"end":{"line":9,"column":14}},"1":{"start":{"line":13,"column":4},"end":{"line":17,"column":6}},"2":{"start":{"line":21,"column":4},"end":{"line":25,"column":6}},"3":{"start":{"line":29,"column":25},"end":{"line":29,"column":35}},"4":{"start":{"line":30,"column":38},"end":{"line":30,"column":54}},"5":{"start":{"line":32,"column":4},"end":{"line":36,"column":6}},"6":{"start":{"line":34,"column":36},"end":{"line":34,"column":66}},"7":{"start":{"line":40,"column":25},"end":{"line":40,"column":41}},"8":{"start":{"line":41,"column":25},"end":{"line":41,"column":35}},"9":{"start":{"line":42,"column":20},"end":{"line":42,"column":44}},"10":{"start":{"line":44,"column":4},"end":{"line":49,"column":6}},"11":{"start":{"line":53,"column":0},"end":{"line":55,"column":2}},"12":{"start":{"line":57,"column":0},"end":{"line":59,"column":2}}},"fnMap":{"0":{"name":"(anonymous_0)","decl":{"start":{"line":12,"column":2},"end":{"line":12,"column":3}},"loc":{"start":{"line":12,"column":20},"end":{"line":18,"column":3}},"line":12},"1":{"name":"(anonymous_1)","decl":{"start":{"line":20,"column":2},"end":{"line":20,"column":3}},"loc":{"start":{"line":20,"column":40},"end":{"line":26,"column":3}},"line":20},"2":{"name":"(anonymous_2)","decl":{"start":{"line":28,"column":2},"end":{"line":28,"column":3}},"loc":{"start":{"line":28,"column":27},"end":{"line":37,"column":3}},"line":28},"3":{"name":"(anonymous_3)","decl":{"start":{"line":34,"column":23},"end":{"line":34,"column":24}},"loc":{"start":{"line":34,"column":36},"end":{"line":34,"column":66}},"line":34},"4":{"name":"(anonymous_4)","decl":{"start":{"line":39,"column":2},"end":{"line":39,"column":3}},"loc":{"start":{"line":39,"column":11},"end":{"line":50,"column":3}},"line":39}},"branchMap":{"0":{"loc":{"start":{"line":47,"column":10},"end":{"line":47,"column":62}},"type":"cond-expr","locations":[{"start":{"line":47,"column":20},"end":{"line":47,"column":30}},{"start":{"line":47,"column":33},"end":{"line":47,"column":62}}],"line":47}},"s":{"0":7,"1":2,"2":2,"3":1,"4":1,"5":1,"6":2,"7":3,"8":3,"9":3,"10":3,"11":7,"12":7},"f":{"0":2,"1":2,"2":1,"3":2,"4":3},"b":{"0":[2,1]},"_coverageSchema":"1a1c01bbd47fc00a2c39e90264f33305004495a9","hash":"0d24ee29dc914cb832d82907f17b4e13761536ab"}
,"/home/lucas/Documentos/Trybe_Projetos/Projeto_16-React_Testing_Library/sd-019-c-project-react-testing-library/src/components/NotFound.js": {"path":"/home/lucas/Documentos/Trybe_Projetos/Projeto_16-React_Testing_Library/sd-019-c-project-react-testing-library/src/components/NotFound.js","statementMap":{"0":{"start":{"line":4,"column":17},"end":{"line":16,"column":1}},"1":{"start":{"line":5,"column":2},"end":{"line":15,"column":8}}},"fnMap":{"0":{"name":"(anonymous_0)","decl":{"start":{"line":4,"column":17},"end":{"line":4,"column":18}},"loc":{"start":{"line":5,"column":2},"end":{"line":15,"column":8}},"line":5}},"branchMap":{},"s":{"0":7,"1":2},"f":{"0":2},"b":{},"_coverageSchema":"1a1c01bbd47fc00a2c39e90264f33305004495a9","hash":"a8e3899bd25535246d186b159a79cfd7760fd75d"}
,"/home/lucas/Documentos/Trybe_Projetos/Projeto_16-React_Testing_Library/sd-019-c-project-react-testing-library/src/components/Pokedex.js": {"path":"/home/lucas/Documentos/Trybe_Projetos/Projeto_16-React_Testing_Library/sd-019-c-project-react-testing-library/src/components/Pokedex.js","statementMap":{"0":{"start":{"line":11,"column":4},"end":{"line":11,"column":17}},"1":{"start":{"line":12,"column":4},"end":{"line":12,"column":58}},"2":{"start":{"line":16,"column":4},"end":{"line":16,"column":53}},"3":{"start":{"line":20,"column":4},"end":{"line":22,"column":7}},"4":{"start":{"line":21,"column":6},"end":{"line":21,"column":67}},"5":{"start":{"line":26,"column":25},"end":{"line":26,"column":35}},"6":{"start":{"line":27,"column":29},"end":{"line":27,"column":39}},"7":{"start":{"line":29,"column":4},"end":{"line":32,"column":7}},"8":{"start":{"line":30,"column":6},"end":{"line":30,"column":46}},"9":{"start":{"line":30,"column":34},"end":{"line":30,"column":46}},"10":{"start":{"line":31,"column":6},"end":{"line":31,"column":43}},"11":{"start":{"line":36,"column":25},"end":{"line":36,"column":35}},"12":{"start":{"line":38,"column":4},"end":{"line":38,"column":84}},"13":{"start":{"line":38,"column":60},"end":{"line":38,"column":76}},"14":{"start":{"line":42,"column":25},"end":{"line":42,"column":49}},"15":{"start":{"line":44,"column":4},"end":{"line":63,"column":6}},"16":{"start":{"line":47,"column":25},"end":{"line":47,"column":51}},"17":{"start":{"line":53,"column":10},"end":{"line":60,"column":19}},"18":{"start":{"line":56,"column":27},"end":{"line":56,"column":52}},"19":{"start":{"line":67,"column":38},"end":{"line":67,"column":48}},"20":{"start":{"line":68,"column":29},"end":{"line":68,"column":57}},"21":{"start":{"line":69,"column":29},"end":{"line":69,"column":39}},"22":{"start":{"line":70,"column":20},"end":{"line":70,"column":50}},"23":{"start":{"line":72,"column":4},"end":{"line":89,"column":6}},"24":{"start":{"line":83,"column":25},"end":{"line":83,"column":66}},"25":{"start":{"line":93,"column":0},"end":{"line":96,"column":2}}},"fnMap":{"0":{"name":"(anonymous_0)","decl":{"start":{"line":10,"column":2},"end":{"line":10,"column":3}},"loc":{"start":{"line":10,"column":21},"end":{"line":13,"column":3}},"line":10},"1":{"name":"(anonymous_1)","decl":{"start":{"line":15,"column":2},"end":{"line":15,"column":3}},"loc":{"start":{"line":15,"column":31},"end":{"line":17,"column":3}},"line":15},"2":{"name":"(anonymous_2)","decl":{"start":{"line":19,"column":2},"end":{"line":19,"column":3}},"loc":{"start":{"line":19,"column":32},"end":{"line":23,"column":3}},"line":19},"3":{"name":"(anonymous_3)","decl":{"start":{"line":20,"column":18},"end":{"line":20,"column":19}},"loc":{"start":{"line":21,"column":6},"end":{"line":21,"column":67}},"line":21},"4":{"name":"(anonymous_4)","decl":{"start":{"line":25,"column":2},"end":{"line":25,"column":3}},"loc":{"start":{"line":25,"column":26},"end":{"line":33,"column":3}},"line":25},"5":{"name":"(anonymous_5)","decl":{"start":{"line":29,"column":27},"end":{"line":29,"column":28}},"loc":{"start":{"line":29,"column":40},"end":{"line":32,"column":5}},"line":29},"6":{"name":"(anonymous_6)","decl":{"start":{"line":35,"column":2},"end":{"line":35,"column":3}},"loc":{"start":{"line":35,"column":22},"end":{"line":39,"column":3}},"line":35},"7":{"name":"(anonymous_7)","decl":{"start":{"line":38,"column":39},"end":{"line":38,"column":40}},"loc":{"start":{"line":38,"column":60},"end":{"line":38,"column":76}},"line":38},"8":{"name":"(anonymous_8)","decl":{"start":{"line":41,"column":2},"end":{"line":41,"column":3}},"loc":{"start":{"line":41,"column":30},"end":{"line":64,"column":3}},"line":41},"9":{"name":"(anonymous_9)","decl":{"start":{"line":47,"column":19},"end":{"line":47,"column":20}},"loc":{"start":{"line":47,"column":25},"end":{"line":47,"column":51}},"line":47},"10":{"name":"(anonymous_10)","decl":{"start":{"line":52,"column":26},"end":{"line":52,"column":27}},"loc":{"start":{"line":53,"column":10},"end":{"line":60,"column":19}},"line":53},"11":{"name":"(anonymous_11)","decl":{"start":{"line":56,"column":21},"end":{"line":56,"column":22}},"loc":{"start":{"line":56,"column":27},"end":{"line":56,"column":52}},"line":56},"12":{"name":"(anonymous_12)","decl":{"start":{"line":66,"column":2},"end":{"line":66,"column":3}},"loc":{"start":{"line":66,"column":11},"end":{"line":90,"column":3}},"line":66},"13":{"name":"(anonymous_13)","decl":{"start":{"line":83,"column":19},"end":{"line":83,"column":20}},"loc":{"start":{"line":83,"column":25},"end":{"line":83,"column":66}},"line":83}},"branchMap":{"0":{"loc":{"start":{"line":30,"column":6},"end":{"line":30,"column":46}},"type":"if","locations":[{"start":{"line":30,"column":6},"end":{"line":30,"column":46}},{"start":{},"end":{}}],"line":30}},"s":{"0":13,"1":13,"2":8,"3":34,"4":34,"5":56,"6":56,"7":56,"8":504,"9":315,"10":189,"11":56,"12":56,"13":504,"14":56,"15":56,"16":1,"17":392,"18":7,"19":56,"20":56,"21":56,"22":56,"23":56,"24":34,"25":7},"f":{"0":13,"1":8,"2":34,"3":34,"4":56,"5":504,"6":56,"7":504,"8":56,"9":1,"10":392,"11":7,"12":56,"13":34},"b":{"0":[315,189]},"_coverageSchema":"1a1c01bbd47fc00a2c39e90264f33305004495a9","hash":"6283da7bd8af68031af32c0731f241e710b15c5f"}
,"/home/lucas/Documentos/Trybe_Projetos/Projeto_16-React_Testing_Library/sd-019-c-project-react-testing-library/src/components/Pokemon.js": {"path":"/home/lucas/Documentos/Trybe_Projetos/Projeto_16-React_Testing_Library/sd-019-c-project-react-testing-library/src/components/Pokemon.js","statementMap":{"0":{"start":{"line":9,"column":16},"end":{"line":33,"column":1}},"1":{"start":{"line":10,"column":51},"end":{"line":10,"column":58}},"2":{"start":{"line":11,"column":37},"end":{"line":11,"column":50}},"3":{"start":{"line":13,"column":2},"end":{"line":32,"column":4}},"4":{"start":{"line":35,"column":0},"end":{"line":39,"column":2}},"5":{"start":{"line":41,"column":0},"end":{"line":43,"column":2}}},"fnMap":{"0":{"name":"(anonymous_0)","decl":{"start":{"line":9,"column":16},"end":{"line":9,"column":17}},"loc":{"start":{"line":9,"column":62},"end":{"line":33,"column":1}},"line":9}},"branchMap":{"0":{"loc":{"start":{"line":21,"column":9},"end":{"line":21,"column":77}},"type":"binary-expr","locations":[{"start":{"line":21,"column":9},"end":{"line":21,"column":24}},{"start":{"line":21,"column":28},"end":{"line":21,"column":77}}],"line":21},"1":{"loc":{"start":{"line":24,"column":7},"end":{"line":30,"column":7}},"type":"binary-expr","locations":[{"start":{"line":24,"column":7},"end":{"line":24,"column":17}},{"start":{"line":25,"column":8},"end":{"line":29,"column":10}}],"line":24}},"s":{"0":7,"1":71,"2":71,"3":71,"4":7,"5":7},"f":{"0":71},"b":{"0":[71,61],"1":[71,9]},"_coverageSchema":"1a1c01bbd47fc00a2c39e90264f33305004495a9","hash":"653f11c4385b6d6f0d8aeae2e3eff2dda278994b"}
,"/home/lucas/Documentos/Trybe_Projetos/Projeto_16-React_Testing_Library/sd-019-c-project-react-testing-library/src/components/PokemonDetails.js": {"path":"/home/lucas/Documentos/Trybe_Projetos/Projeto_16-React_Testing_Library/sd-019-c-project-react-testing-library/src/components/PokemonDetails.js","statementMap":{"0":{"start":{"line":11,"column":4},"end":{"line":23,"column":6}},"1":{"start":{"line":16,"column":12},"end":{"line":19,"column":18}},"2":{"start":{"line":27,"column":4},"end":{"line":32,"column":6}},"3":{"start":{"line":36,"column":4},"end":{"line":36,"column":17}},"4":{"start":{"line":38,"column":4},"end":{"line":38,"column":67}},"5":{"start":{"line":42,"column":25},"end":{"line":42,"column":35}},"6":{"start":{"line":44,"column":4},"end":{"line":44,"column":53}},"7":{"start":{"line":44,"column":37},"end":{"line":44,"column":51}},"8":{"start":{"line":48,"column":41},"end":{"line":48,"column":51}},"9":{"start":{"line":50,"column":4},"end":{"line":64,"column":6}},"10":{"start":{"line":59,"column":43},"end":{"line":59,"column":87}},"11":{"start":{"line":68,"column":45},"end":{"line":68,"column":59}},"12":{"start":{"line":69,"column":36},"end":{"line":69,"column":40}},"13":{"start":{"line":73,"column":8},"end":{"line":73,"column":18}},"14":{"start":{"line":75,"column":20},"end":{"line":75,"column":54}},"15":{"start":{"line":76,"column":23},"end":{"line":76,"column":48}},"16":{"start":{"line":78,"column":4},"end":{"line":90,"column":6}},"17":{"start":{"line":94,"column":0},"end":{"line":103,"column":2}}},"fnMap":{"0":{"name":"(anonymous_0)","decl":{"start":{"line":10,"column":2},"end":{"line":10,"column":3}},"loc":{"start":{"line":10,"column":42},"end":{"line":24,"column":3}},"line":10},"1":{"name":"(anonymous_1)","decl":{"start":{"line":15,"column":24},"end":{"line":15,"column":25}},"loc":{"start":{"line":16,"column":12},"end":{"line":19,"column":18}},"line":16},"2":{"name":"(anonymous_2)","decl":{"start":{"line":26,"column":2},"end":{"line":26,"column":3}},"loc":{"start":{"line":26,"column":36},"end":{"line":33,"column":3}},"line":26},"3":{"name":"(anonymous_3)","decl":{"start":{"line":35,"column":2},"end":{"line":35,"column":3}},"loc":{"start":{"line":35,"column":21},"end":{"line":39,"column":3}},"line":35},"4":{"name":"(anonymous_4)","decl":{"start":{"line":41,"column":2},"end":{"line":41,"column":3}},"loc":{"start":{"line":41,"column":23},"end":{"line":45,"column":3}},"line":41},"5":{"name":"(anonymous_5)","decl":{"start":{"line":44,"column":25},"end":{"line":44,"column":26}},"loc":{"start":{"line":44,"column":37},"end":{"line":44,"column":51}},"line":44},"6":{"name":"(anonymous_6)","decl":{"start":{"line":47,"column":2},"end":{"line":47,"column":3}},"loc":{"start":{"line":47,"column":45},"end":{"line":65,"column":3}},"line":47},"7":{"name":"(anonymous_7)","decl":{"start":{"line":59,"column":14},"end":{"line":59,"column":15}},"loc":{"start":{"line":59,"column":43},"end":{"line":59,"column":87}},"line":59},"8":{"name":"(anonymous_8)","decl":{"start":{"line":67,"column":2},"end":{"line":67,"column":3}},"loc":{"start":{"line":67,"column":11},"end":{"line":91,"column":3}},"line":67}},"branchMap":{},"s":{"0":10,"1":22,"2":10,"3":6,"4":6,"5":10,"6":10,"7":20,"8":10,"9":10,"10":4,"11":10,"12":10,"13":10,"14":10,"15":10,"16":10,"17":7},"f":{"0":10,"1":22,"2":10,"3":6,"4":10,"5":20,"6":10,"7":4,"8":10},"b":{},"_coverageSchema":"1a1c01bbd47fc00a2c39e90264f33305004495a9","hash":"7b0fc7f291a9288bfaf17a40fcc4b0d2d7f1d17c"}
,"/home/lucas/Documentos/Trybe_Projetos/Projeto_16-React_Testing_Library/sd-019-c-project-react-testing-library/src/components/index.js": {"path":"/home/lucas/Documentos/Trybe_Projetos/Projeto_16-React_Testing_Library/sd-019-c-project-react-testing-library/src/components/index.js","statementMap":{},"fnMap":{},"branchMap":{},"s":{},"f":{},"b":{},"_coverageSchema":"1a1c01bbd47fc00a2c39e90264f33305004495a9","hash":"a6a0c82fd6f2bc6667acc9e07abd51d3be6d6fc2"}
,"/home/lucas/Documentos/Trybe_Projetos/Projeto_16-React_Testing_Library/sd-019-c-project-react-testing-library/src/services/pokedexService.js": {"path":"/home/lucas/Documentos/Trybe_Projetos/Projeto_16-React_Testing_Library/sd-019-c-project-react-testing-library/src/services/pokedexService.js","statementMap":{"0":{"start":{"line":1,"column":38},"end":{"line":3,"column":1}},"1":{"start":{"line":2,"column":2},"end":{"line":2,"column":62}},"2":{"start":{"line":5,"column":29},"end":{"line":7,"column":1}},"3":{"start":{"line":6,"column":2},"end":{"line":6,"column":70}},"4":{"start":{"line":9,"column":30},"end":{"line":14,"column":1}},"5":{"start":{"line":10,"column":27},"end":{"line":10,"column":51}},"6":{"start":{"line":11,"column":30},"end":{"line":11,"column":62}},"7":{"start":{"line":13,"column":2},"end":{"line":13,"column":44}},"8":{"start":{"line":16,"column":35},"end":{"line":21,"column":1}},"9":{"start":{"line":17,"column":27},"end":{"line":17,"column":51}},"10":{"start":{"line":18,"column":30},"end":{"line":18,"column":79}},"11":{"start":{"line":18,"column":62},"end":{"line":18,"column":78}},"12":{"start":{"line":20,"column":2},"end":{"line":20,"column":44}},"13":{"start":{"line":23,"column":38},"end":{"line":25,"column":1}},"14":{"start":{"line":24,"column":2},"end":{"line":24,"column":87}}},"fnMap":{"0":{"name":"(anonymous_0)","decl":{"start":{"line":1,"column":38},"end":{"line":1,"column":39}},"loc":{"start":{"line":2,"column":2},"end":{"line":2,"column":62}},"line":2},"1":{"name":"(anonymous_1)","decl":{"start":{"line":5,"column":29},"end":{"line":5,"column":30}},"loc":{"start":{"line":6,"column":2},"end":{"line":6,"column":70}},"line":6},"2":{"name":"(anonymous_2)","decl":{"start":{"line":9,"column":30},"end":{"line":9,"column":31}},"loc":{"start":{"line":9,"column":45},"end":{"line":14,"column":1}},"line":9},"3":{"name":"(anonymous_3)","decl":{"start":{"line":16,"column":35},"end":{"line":16,"column":36}},"loc":{"start":{"line":16,"column":50},"end":{"line":21,"column":1}},"line":16},"4":{"name":"(anonymous_4)","decl":{"start":{"line":18,"column":54},"end":{"line":18,"column":55}},"loc":{"start":{"line":18,"column":62},"end":{"line":18,"column":78}},"line":18},"5":{"name":"(anonymous_5)","decl":{"start":{"line":23,"column":38},"end":{"line":23,"column":39}},"loc":{"start":{"line":24,"column":2},"end":{"line":24,"column":87}},"line":24}},"branchMap":{"0":{"loc":{"start":{"line":2,"column":2},"end":{"line":2,"column":62}},"type":"binary-expr","locations":[{"start":{"line":2,"column":2},"end":{"line":2,"column":56}},{"start":{"line":2,"column":60},"end":{"line":2,"column":62}}],"line":2},"1":{"loc":{"start":{"line":24,"column":2},"end":{"line":24,"column":87}},"type":"cond-expr","locations":[{"start":{"line":24,"column":15},"end":{"line":24,"column":47}},{"start":{"line":24,"column":50},"end":{"line":24,"column":87}}],"line":24}},"s":{"0":5,"1":15,"2":5,"3":4,"4":5,"5":3,"6":3,"7":3,"8":5,"9":1,"10":1,"11":1,"12":1,"13":5,"14":4},"f":{"0":15,"1":4,"2":3,"3":1,"4":1,"5":4},"b":{"0":[15,9],"1":[3,1]},"_coverageSchema":"1a1c01bbd47fc00a2c39e90264f33305004495a9","hash":"3c53859b57e07bc29a3b0ccb378666291e2c0856"}
,"/home/lucas/Documentos/Trybe_Projetos/Projeto_16-React_Testing_Library/sd-019-c-project-react-testing-library/src/types/index.js": {"path":"/home/lucas/Documentos/Trybe_Projetos/Projeto_16-React_Testing_Library/sd-019-c-project-react-testing-library/src/types/index.js","statementMap":{"0":{"start":{"line":10,"column":41},"end":{"line":10,"column":55}},"1":{"start":{"line":12,"column":27},"end":{"line":27,"column":2}}},"fnMap":{},"branchMap":{},"s":{"0":7,"1":7},"f":{},"b":{},"_coverageSchema":"1a1c01bbd47fc00a2c39e90264f33305004495a9","hash":"c310ca6f43f4297cdbfe7eaaba4f27f5c565c0bd"}
}
