TN:
SF:src/App.js
FN:22,(anonymous_0)
FN:24,(anonymous_1)
FN:32,(anonymous_2)
FN:37,(anonymous_3)
FN:43,(anonymous_4)
FN:54,(anonymous_5)
FN:62,(anonymous_6)
FN:69,(anonymous_7)
FN:71,(anonymous_8)
FN:78,(anonymous_9)
FN:82,(anonymous_10)
FN:86,(anonymous_11)
FN:94,(anonymous_12)
FNF:13
FNH:13
FNDA:11,(anonymous_0)
FNDA:99,(anonymous_1)
FNDA:7,(anonymous_2)
FNDA:4,(anonymous_3)
FNDA:9,(anonymous_4)
FNDA:8,(anonymous_5)
FNDA:4,(anonymous_6)
FNDA:11,(anonymous_7)
FNDA:99,(anonymous_8)
FNDA:9,(anonymous_9)
FNDA:8,(anonymous_10)
FNDA:2,(anonymous_11)
FNDA:11,(anonymous_12)
DA:23,11
DA:24,11
DA:25,99
DA:26,99
DA:29,11
DA:33,7
DA:34,7
DA:38,4
DA:40,4
DA:44,9
DA:46,9
DA:55,8
DA:57,8
DA:63,4
DA:70,11
DA:71,99
DA:73,11
DA:78,9
DA:82,8
DA:86,2
DA:95,11
LF:21
LH:21
BRF:0
BRH:0
end_of_record
TN:
SF:src/data.js
FNF:0
FNH:0
DA:1,5
LF:1
LH:1
BRF:0
BRH:0
end_of_record
TN:
SF:src/renderWithRouter.js
FN:6,(anonymous_0)
FNF:1
FNH:1
FNDA:24,(anonymous_0)
DA:6,7
DA:7,24
DA:8,24
LF:3
LH:3
BRF:0
BRH:0
end_of_record
TN:
SF:src/components/About.js
FN:4,(anonymous_0)
FNF:1
FNH:1
FNDA:5,(anonymous_0)
DA:4,7
DA:5,5
LF:2
LH:2
BRF:0
BRH:0
end_of_record
TN:
SF:src/components/Button.js
FN:6,(anonymous_0)
FNF:1
FNH:1
FNDA:504,(anonymous_0)
DA:6,7
DA:13,504
DA:24,7
DA:32,7
LF:4
LH:4
BRF:0
BRH:0
end_of_record
TN:
SF:src/components/FavoritePokemons.js
FN:12,(anonymous_0)
FN:20,(anonymous_1)
FN:28,(anonymous_2)
FN:34,(anonymous_3)
FN:39,(anonymous_4)
FNF:5
FNH:5
FNDA:2,(anonymous_0)
FNDA:2,(anonymous_1)
FNDA:1,(anonymous_2)
FNDA:2,(anonymous_3)
FNDA:3,(anonymous_4)
DA:9,7
DA:13,2
DA:21,2
DA:29,1
DA:30,1
DA:32,1
DA:34,2
DA:40,3
DA:41,3
DA:42,3
DA:44,3
DA:53,7
DA:57,7
LF:13
LH:13
BRDA:47,0,0,2
BRDA:47,0,1,1
BRF:2
BRH:2
end_of_record
TN:
SF:src/components/NotFound.js
FN:4,(anonymous_0)
FNF:1
FNH:1
FNDA:2,(anonymous_0)
DA:4,7
DA:5,2
LF:2
LH:2
BRF:0
BRH:0
end_of_record
TN:
SF:src/components/Pokedex.js
FN:10,(anonymous_0)
FN:15,(anonymous_1)
FN:19,(anonymous_2)
FN:20,(anonymous_3)
FN:25,(anonymous_4)
FN:29,(anonymous_5)
FN:35,(anonymous_6)
FN:38,(anonymous_7)
FN:41,(anonymous_8)
FN:47,(anonymous_9)
FN:52,(anonymous_10)
FN:56,(anonymous_11)
FN:66,(anonymous_12)
FN:83,(anonymous_13)
FNF:14
FNH:14
FNDA:13,(anonymous_0)
FNDA:8,(anonymous_1)
FNDA:34,(anonymous_2)
FNDA:34,(anonymous_3)
FNDA:56,(anonymous_4)
FNDA:504,(anonymous_5)
FNDA:56,(anonymous_6)
FNDA:504,(anonymous_7)
FNDA:56,(anonymous_8)
FNDA:1,(anonymous_9)
FNDA:392,(anonymous_10)
FNDA:7,(anonymous_11)
FNDA:56,(anonymous_12)
FNDA:34,(anonymous_13)
DA:11,13
DA:12,13
DA:16,8
DA:20,34
DA:21,34
DA:26,56
DA:27,56
DA:29,56
DA:30,504
DA:31,189
DA:36,56
DA:38,504
DA:42,56
DA:44,56
DA:47,1
DA:53,392
DA:56,7
DA:67,56
DA:68,56
DA:69,56
DA:70,56
DA:72,56
DA:83,34
DA:93,7
LF:24
LH:24
BRDA:30,0,0,315
BRDA:30,0,1,189
BRF:2
BRH:2
end_of_record
TN:
SF:src/components/Pokemon.js
FN:9,(anonymous_0)
FNF:1
FNH:1
FNDA:71,(anonymous_0)
DA:9,7
DA:10,71
DA:11,71
DA:13,71
DA:35,7
DA:41,7
LF:6
LH:6
BRDA:21,0,0,71
BRDA:21,0,1,61
BRDA:24,1,0,71
BRDA:24,1,1,9
BRF:4
BRH:4
end_of_record
TN:
SF:src/components/PokemonDetails.js
FN:10,(anonymous_0)
FN:15,(anonymous_1)
FN:26,(anonymous_2)
FN:35,(anonymous_3)
FN:41,(anonymous_4)
FN:44,(anonymous_5)
FN:47,(anonymous_6)
FN:59,(anonymous_7)
FN:67,(anonymous_8)
FNF:9
FNH:9
FNDA:10,(anonymous_0)
FNDA:22,(anonymous_1)
FNDA:10,(anonymous_2)
FNDA:6,(anonymous_3)
FNDA:10,(anonymous_4)
FNDA:20,(anonymous_5)
FNDA:10,(anonymous_6)
FNDA:4,(anonymous_7)
FNDA:10,(anonymous_8)
DA:11,10
DA:16,22
DA:27,10
DA:36,6
DA:38,6
DA:42,10
DA:44,20
DA:48,10
DA:50,10
DA:59,4
DA:68,10
DA:69,10
DA:73,10
DA:75,10
DA:76,10
DA:78,10
DA:94,7
LF:17
LH:17
BRF:0
BRH:0
end_of_record
TN:
SF:src/components/index.js
FNF:0
FNH:0
LF:0
LH:0
BRF:0
BRH:0
end_of_record
TN:
SF:src/services/pokedexService.js
FN:1,(anonymous_0)
FN:5,(anonymous_1)
FN:9,(anonymous_2)
FN:16,(anonymous_3)
FN:18,(anonymous_4)
FN:23,(anonymous_5)
FNF:6
FNH:6
FNDA:15,(anonymous_0)
FNDA:4,(anonymous_1)
FNDA:3,(anonymous_2)
FNDA:1,(anonymous_3)
FNDA:1,(anonymous_4)
FNDA:4,(anonymous_5)
DA:1,5
DA:2,15
DA:5,5
DA:6,4
DA:9,5
DA:10,3
DA:11,3
DA:13,3
DA:16,5
DA:17,1
DA:18,1
DA:20,1
DA:23,5
DA:24,4
LF:14
LH:14
BRDA:2,0,0,15
BRDA:2,0,1,9
BRDA:24,1,0,3
BRDA:24,1,1,1
BRF:4
BRH:4
end_of_record
TN:
SF:src/types/index.js
FNF:0
FNH:0
DA:10,7
DA:12,7
LF:2
LH:2
BRF:0
BRH:0
end_of_record
